{"D:\\Users\\dajka\\Desktop\\bootcamp\\wk1\\WhiteHat\\bootcamp\\ScooterHire\\src\\Cashier.js": {"path":"D:\\Users\\dajka\\Desktop\\bootcamp\\wk1\\WhiteHat\\bootcamp\\ScooterHire\\src\\Cashier.js","statementMap":{"0":{"start":{"line":1,"column":15},"end":{"line":1,"column":39}},"1":{"start":{"line":2,"column":15},"end":{"line":2,"column":37}},"2":{"start":{"line":3,"column":16},"end":{"line":3,"column":39}},"3":{"start":{"line":4,"column":20},"end":{"line":4,"column":47}},"4":{"start":{"line":5,"column":17},"end":{"line":5,"column":41}},"5":{"start":{"line":6,"column":24},"end":{"line":6,"column":55}},"6":{"start":{"line":21,"column":10},"end":{"line":21,"column":28}},"7":{"start":{"line":36,"column":8},"end":{"line":43,"column":9}},"8":{"start":{"line":38,"column":12},"end":{"line":38,"column":34}},"9":{"start":{"line":42,"column":12},"end":{"line":42,"column":45}},"10":{"start":{"line":46,"column":8},"end":{"line":80,"column":9}},"11":{"start":{"line":48,"column":12},"end":{"line":48,"column":113}},"12":{"start":{"line":49,"column":12},"end":{"line":49,"column":25}},"13":{"start":{"line":53,"column":12},"end":{"line":79,"column":13}},"14":{"start":{"line":55,"column":16},"end":{"line":78,"column":17}},"15":{"start":{"line":57,"column":20},"end":{"line":66,"column":21}},"16":{"start":{"line":59,"column":24},"end":{"line":59,"column":58}},"17":{"start":{"line":60,"column":24},"end":{"line":60,"column":33}},"18":{"start":{"line":64,"column":24},"end":{"line":64,"column":58}},"19":{"start":{"line":65,"column":24},"end":{"line":65,"column":30}},"20":{"start":{"line":71,"column":35},"end":{"line":71,"column":156}},"21":{"start":{"line":72,"column":20},"end":{"line":77,"column":36}},"22":{"start":{"line":74,"column":24},"end":{"line":74,"column":58}},"23":{"start":{"line":77,"column":22},"end":{"line":77,"column":34}},"24":{"start":{"line":82,"column":8},"end":{"line":82,"column":230}},"25":{"start":{"line":84,"column":8},"end":{"line":84,"column":55}},"26":{"start":{"line":86,"column":8},"end":{"line":86,"column":134}},"27":{"start":{"line":88,"column":8},"end":{"line":88,"column":47}},"28":{"start":{"line":98,"column":8},"end":{"line":98,"column":41}},"29":{"start":{"line":99,"column":8},"end":{"line":99,"column":51}},"30":{"start":{"line":108,"column":8},"end":{"line":108,"column":51}},"31":{"start":{"line":112,"column":1},"end":{"line":112,"column":26}}},"fnMap":{"0":{"name":"(anonymous_0)","decl":{"start":{"line":19,"column":6},"end":{"line":19,"column":7}},"loc":{"start":{"line":20,"column":6},"end":{"line":22,"column":7}},"line":20},"1":{"name":"(anonymous_1)","decl":{"start":{"line":29,"column":6},"end":{"line":29,"column":7}},"loc":{"start":{"line":30,"column":6},"end":{"line":89,"column":7}},"line":30},"2":{"name":"(anonymous_2)","decl":{"start":{"line":96,"column":6},"end":{"line":96,"column":7}},"loc":{"start":{"line":97,"column":6},"end":{"line":100,"column":7}},"line":97},"3":{"name":"(anonymous_3)","decl":{"start":{"line":106,"column":6},"end":{"line":106,"column":7}},"loc":{"start":{"line":107,"column":6},"end":{"line":109,"column":7}},"line":107}},"branchMap":{"0":{"loc":{"start":{"line":36,"column":8},"end":{"line":43,"column":9}},"type":"if","locations":[{"start":{"line":36,"column":8},"end":{"line":43,"column":9}},{"start":{"line":36,"column":8},"end":{"line":43,"column":9}}],"line":36},"1":{"loc":{"start":{"line":46,"column":8},"end":{"line":80,"column":9}},"type":"if","locations":[{"start":{"line":46,"column":8},"end":{"line":80,"column":9}},{"start":{"line":46,"column":8},"end":{"line":80,"column":9}}],"line":46},"2":{"loc":{"start":{"line":55,"column":16},"end":{"line":78,"column":17}},"type":"if","locations":[{"start":{"line":55,"column":16},"end":{"line":78,"column":17}},{"start":{"line":55,"column":16},"end":{"line":78,"column":17}}],"line":55},"3":{"loc":{"start":{"line":57,"column":20},"end":{"line":66,"column":21}},"type":"if","locations":[{"start":{"line":57,"column":20},"end":{"line":66,"column":21}},{"start":{"line":57,"column":20},"end":{"line":66,"column":21}}],"line":57},"4":{"loc":{"start":{"line":72,"column":20},"end":{"line":77,"column":36}},"type":"if","locations":[{"start":{"line":72,"column":20},"end":{"line":77,"column":36}},{"start":{"line":72,"column":20},"end":{"line":77,"column":36}}],"line":72}},"s":{"0":2,"1":2,"2":2,"3":2,"4":2,"5":2,"6":1,"7":0,"8":0,"9":0,"10":0,"11":0,"12":0,"13":0,"14":0,"15":0,"16":0,"17":0,"18":0,"19":0,"20":0,"21":0,"22":0,"23":0,"24":0,"25":0,"26":0,"27":0,"28":0,"29":0,"30":0,"31":2},"f":{"0":1,"1":0,"2":0,"3":0},"b":{"0":[0,0],"1":[0,0],"2":[0,0],"3":[0,0],"4":[0,0]},"_coverageSchema":"1a1c01bbd47fc00a2c39e90264f33305004495a9","hash":"735e6b8a2d1da2522c1084426c5319b15ca5c59f"}
,"D:\\Users\\dajka\\Desktop\\bootcamp\\wk1\\WhiteHat\\bootcamp\\ScooterHire\\src\\ChargingStation.js": {"path":"D:\\Users\\dajka\\Desktop\\bootcamp\\wk1\\WhiteHat\\bootcamp\\ScooterHire\\src\\ChargingStation.js","statementMap":{"0":{"start":{"line":1,"column":16},"end":{"line":1,"column":39}},"1":{"start":{"line":2,"column":20},"end":{"line":2,"column":47}},"2":{"start":{"line":3,"column":17},"end":{"line":3,"column":41}},"3":{"start":{"line":4,"column":16},"end":{"line":4,"column":39}},"4":{"start":{"line":27,"column":6},"end":{"line":27,"column":23}},"5":{"start":{"line":28,"column":6},"end":{"line":28,"column":23}},"6":{"start":{"line":38,"column":6},"end":{"line":38,"column":31}},"7":{"start":{"line":39,"column":6},"end":{"line":39,"column":58}},"8":{"start":{"line":44,"column":2},"end":{"line":44,"column":35}}},"fnMap":{"0":{"name":"(anonymous_0)","decl":{"start":{"line":25,"column":4},"end":{"line":25,"column":5}},"loc":{"start":{"line":26,"column":4},"end":{"line":29,"column":5}},"line":26},"1":{"name":"(anonymous_1)","decl":{"start":{"line":36,"column":4},"end":{"line":36,"column":5}},"loc":{"start":{"line":37,"column":4},"end":{"line":40,"column":5}},"line":37}},"branchMap":{},"s":{"0":2,"1":2,"2":2,"3":2,"4":0,"5":0,"6":0,"7":0,"8":2},"f":{"0":0,"1":0},"b":{},"_coverageSchema":"1a1c01bbd47fc00a2c39e90264f33305004495a9","hash":"659d0e051b31c553576d5e2f64e1697fcffd7fe6"}
,"D:\\Users\\dajka\\Desktop\\bootcamp\\wk1\\WhiteHat\\bootcamp\\ScooterHire\\src\\Customer.js": {"path":"D:\\Users\\dajka\\Desktop\\bootcamp\\wk1\\WhiteHat\\bootcamp\\ScooterHire\\src\\Customer.js","statementMap":{"0":{"start":{"line":1,"column":15},"end":{"line":1,"column":37}},"1":{"start":{"line":2,"column":16},"end":{"line":2,"column":39}},"2":{"start":{"line":3,"column":20},"end":{"line":3,"column":47}},"3":{"start":{"line":4,"column":16},"end":{"line":4,"column":39}},"4":{"start":{"line":5,"column":24},"end":{"line":5,"column":55}},"5":{"start":{"line":16,"column":21},"end":{"line":16,"column":26}},"6":{"start":{"line":24,"column":9},"end":{"line":24,"column":26}},"7":{"start":{"line":25,"column":9},"end":{"line":25,"column":44}},"8":{"start":{"line":36,"column":8},"end":{"line":36,"column":48}},"9":{"start":{"line":48,"column":8},"end":{"line":48,"column":47}},"10":{"start":{"line":49,"column":8},"end":{"line":49,"column":43}},"11":{"start":{"line":62,"column":8},"end":{"line":62,"column":28}},"12":{"start":{"line":63,"column":8},"end":{"line":63,"column":34}},"13":{"start":{"line":68,"column":8},"end":{"line":68,"column":37}},"14":{"start":{"line":69,"column":8},"end":{"line":69,"column":44}},"15":{"start":{"line":70,"column":8},"end":{"line":70,"column":39}},"16":{"start":{"line":75,"column":1},"end":{"line":75,"column":27}}},"fnMap":{"0":{"name":"(anonymous_0)","decl":{"start":{"line":22,"column":5},"end":{"line":22,"column":6}},"loc":{"start":{"line":23,"column":5},"end":{"line":26,"column":6}},"line":23},"1":{"name":"(anonymous_1)","decl":{"start":{"line":34,"column":5},"end":{"line":34,"column":6}},"loc":{"start":{"line":35,"column":5},"end":{"line":37,"column":6}},"line":35},"2":{"name":"(anonymous_2)","decl":{"start":{"line":46,"column":5},"end":{"line":46,"column":6}},"loc":{"start":{"line":47,"column":5},"end":{"line":50,"column":6}},"line":47},"3":{"name":"(anonymous_3)","decl":{"start":{"line":60,"column":5},"end":{"line":60,"column":6}},"loc":{"start":{"line":61,"column":5},"end":{"line":64,"column":6}},"line":61},"4":{"name":"(anonymous_4)","decl":{"start":{"line":66,"column":5},"end":{"line":66,"column":6}},"loc":{"start":{"line":67,"column":5},"end":{"line":71,"column":6}},"line":67}},"branchMap":{"0":{"loc":{"start":{"line":22,"column":30},"end":{"line":22,"column":49}},"type":"default-arg","locations":[{"start":{"line":22,"column":44},"end":{"line":22,"column":49}}],"line":22}},"s":{"0":2,"1":2,"2":2,"3":2,"4":2,"5":0,"6":0,"7":0,"8":0,"9":0,"10":0,"11":0,"12":0,"13":0,"14":0,"15":0,"16":2},"f":{"0":0,"1":0,"2":0,"3":0,"4":0},"b":{"0":[0]},"_coverageSchema":"1a1c01bbd47fc00a2c39e90264f33305004495a9","hash":"ead21038f8928bab8210ca0d40656cfcc66e20d7"}
,"D:\\Users\\dajka\\Desktop\\bootcamp\\wk1\\WhiteHat\\bootcamp\\ScooterHire\\src\\HireStation.js": {"path":"D:\\Users\\dajka\\Desktop\\bootcamp\\wk1\\WhiteHat\\bootcamp\\ScooterHire\\src\\HireStation.js","statementMap":{"0":{"start":{"line":1,"column":16},"end":{"line":1,"column":39}},"1":{"start":{"line":2,"column":28},"end":{"line":2,"column":53}},"2":{"start":{"line":3,"column":16},"end":{"line":3,"column":39}},"3":{"start":{"line":4,"column":17},"end":{"line":4,"column":41}},"4":{"start":{"line":23,"column":18},"end":{"line":23,"column":20}},"5":{"start":{"line":24,"column":22},"end":{"line":24,"column":24}},"6":{"start":{"line":25,"column":25},"end":{"line":25,"column":27}},"7":{"start":{"line":28,"column":19},"end":{"line":28,"column":20}},"8":{"start":{"line":29,"column":18},"end":{"line":29,"column":19}},"9":{"start":{"line":30,"column":17},"end":{"line":30,"column":20}},"10":{"start":{"line":42,"column":8},"end":{"line":42,"column":25}},"11":{"start":{"line":43,"column":8},"end":{"line":43,"column":25}},"12":{"start":{"line":44,"column":8},"end":{"line":44,"column":39}},"13":{"start":{"line":45,"column":8},"end":{"line":45,"column":44}},"14":{"start":{"line":46,"column":8},"end":{"line":46,"column":30}},"15":{"start":{"line":47,"column":8},"end":{"line":47,"column":29}},"16":{"start":{"line":48,"column":8},"end":{"line":48,"column":30}},"17":{"start":{"line":60,"column":8},"end":{"line":60,"column":80}},"18":{"start":{"line":61,"column":8},"end":{"line":61,"column":46}},"19":{"start":{"line":62,"column":8},"end":{"line":62,"column":35}},"20":{"start":{"line":72,"column":8},"end":{"line":72,"column":43}},"21":{"start":{"line":73,"column":8},"end":{"line":73,"column":84}},"22":{"start":{"line":82,"column":7},"end":{"line":82,"column":32}},"23":{"start":{"line":87,"column":7},"end":{"line":87,"column":42}},"24":{"start":{"line":92,"column":0},"end":{"line":92,"column":29}}},"fnMap":{"0":{"name":"(anonymous_0)","decl":{"start":{"line":40,"column":4},"end":{"line":40,"column":5}},"loc":{"start":{"line":41,"column":4},"end":{"line":49,"column":5}},"line":41},"1":{"name":"(anonymous_1)","decl":{"start":{"line":58,"column":3},"end":{"line":58,"column":4}},"loc":{"start":{"line":59,"column":3},"end":{"line":63,"column":4}},"line":59},"2":{"name":"(anonymous_2)","decl":{"start":{"line":70,"column":3},"end":{"line":70,"column":4}},"loc":{"start":{"line":71,"column":3},"end":{"line":74,"column":4}},"line":71},"3":{"name":"(anonymous_3)","decl":{"start":{"line":80,"column":3},"end":{"line":80,"column":4}},"loc":{"start":{"line":81,"column":3},"end":{"line":83,"column":4}},"line":81},"4":{"name":"(anonymous_4)","decl":{"start":{"line":85,"column":3},"end":{"line":85,"column":4}},"loc":{"start":{"line":86,"column":3},"end":{"line":88,"column":4}},"line":86}},"branchMap":{},"s":{"0":2,"1":2,"2":2,"3":2,"4":2,"5":2,"6":2,"7":2,"8":2,"9":2,"10":2,"11":2,"12":2,"13":2,"14":2,"15":2,"16":2,"17":0,"18":0,"19":0,"20":0,"21":0,"22":0,"23":0,"24":2},"f":{"0":2,"1":0,"2":0,"3":0,"4":0},"b":{},"_coverageSchema":"1a1c01bbd47fc00a2c39e90264f33305004495a9","hash":"7a8e7aeebbdbe5381c81eccb28e5e42d29af5d56"}
,"D:\\Users\\dajka\\Desktop\\bootcamp\\wk1\\WhiteHat\\bootcamp\\ScooterHire\\src\\NewElectricScooter.js": {"path":"D:\\Users\\dajka\\Desktop\\bootcamp\\wk1\\WhiteHat\\bootcamp\\ScooterHire\\src\\NewElectricScooter.js","statementMap":{"0":{"start":{"line":1,"column":16},"end":{"line":1,"column":36}},"1":{"start":{"line":14,"column":16},"end":{"line":14,"column":19}},"2":{"start":{"line":20,"column":8},"end":{"line":20,"column":56}},"3":{"start":{"line":21,"column":8},"end":{"line":21,"column":27}},"4":{"start":{"line":27,"column":0},"end":{"line":27,"column":36}}},"fnMap":{"0":{"name":"(anonymous_0)","decl":{"start":{"line":18,"column":6},"end":{"line":18,"column":7}},"loc":{"start":{"line":19,"column":6},"end":{"line":22,"column":7}},"line":19}},"branchMap":{},"s":{"0":3,"1":3,"2":3,"3":3,"4":3},"f":{"0":3},"b":{},"_coverageSchema":"1a1c01bbd47fc00a2c39e90264f33305004495a9","hash":"d89e8d1d7e1e2b633c5558100ee880418be341d4"}
,"D:\\Users\\dajka\\Desktop\\bootcamp\\wk1\\WhiteHat\\bootcamp\\ScooterHire\\src\\Person.js": {"path":"D:\\Users\\dajka\\Desktop\\bootcamp\\wk1\\WhiteHat\\bootcamp\\ScooterHire\\src\\Person.js","statementMap":{"0":{"start":{"line":13,"column":11},"end":{"line":13,"column":12}},"1":{"start":{"line":23,"column":9},"end":{"line":23,"column":26}},"2":{"start":{"line":24,"column":9},"end":{"line":24,"column":26}},"3":{"start":{"line":34,"column":8},"end":{"line":34,"column":27}},"4":{"start":{"line":38,"column":1},"end":{"line":38,"column":25}}},"fnMap":{"0":{"name":"(anonymous_0)","decl":{"start":{"line":21,"column":5},"end":{"line":21,"column":6}},"loc":{"start":{"line":22,"column":5},"end":{"line":25,"column":6}},"line":22},"1":{"name":"(anonymous_1)","decl":{"start":{"line":32,"column":4},"end":{"line":32,"column":5}},"loc":{"start":{"line":33,"column":4},"end":{"line":35,"column":5}},"line":33}},"branchMap":{},"s":{"0":1,"1":1,"2":1,"3":0,"4":2},"f":{"0":1,"1":0},"b":{},"_coverageSchema":"1a1c01bbd47fc00a2c39e90264f33305004495a9","hash":"3527f3c60f86721c7857835618d4b7c0ac8237b9"}
,"D:\\Users\\dajka\\Desktop\\bootcamp\\wk1\\WhiteHat\\bootcamp\\ScooterHire\\src\\Scooter.js": {"path":"D:\\Users\\dajka\\Desktop\\bootcamp\\wk1\\WhiteHat\\bootcamp\\ScooterHire\\src\\Scooter.js","statementMap":{"0":{"start":{"line":25,"column":11},"end":{"line":25,"column":12}},"1":{"start":{"line":26,"column":11},"end":{"line":26,"column":12}},"2":{"start":{"line":27,"column":21},"end":{"line":27,"column":23}},"3":{"start":{"line":40,"column":8},"end":{"line":40,"column":27}},"4":{"start":{"line":41,"column":8},"end":{"line":41,"column":29}},"5":{"start":{"line":42,"column":8},"end":{"line":42,"column":35}},"6":{"start":{"line":43,"column":8},"end":{"line":43,"column":33}},"7":{"start":{"line":44,"column":8},"end":{"line":44,"column":26}},"8":{"start":{"line":45,"column":8},"end":{"line":45,"column":22}},"9":{"start":{"line":46,"column":8},"end":{"line":46,"column":22}},"10":{"start":{"line":58,"column":8},"end":{"line":58,"column":22}},"11":{"start":{"line":59,"column":8},"end":{"line":59,"column":22}},"12":{"start":{"line":69,"column":8},"end":{"line":69,"column":22}},"13":{"start":{"line":70,"column":8},"end":{"line":70,"column":22}},"14":{"start":{"line":71,"column":8},"end":{"line":85,"column":9}},"15":{"start":{"line":73,"column":12},"end":{"line":73,"column":64}},"16":{"start":{"line":76,"column":13},"end":{"line":85,"column":9}},"17":{"start":{"line":78,"column":12},"end":{"line":78,"column":68}},"18":{"start":{"line":79,"column":12},"end":{"line":79,"column":48}},"19":{"start":{"line":84,"column":12},"end":{"line":84,"column":67}},"20":{"start":{"line":90,"column":0},"end":{"line":90,"column":25}}},"fnMap":{"0":{"name":"(anonymous_0)","decl":{"start":{"line":38,"column":4},"end":{"line":38,"column":5}},"loc":{"start":{"line":39,"column":4},"end":{"line":49,"column":5}},"line":39},"1":{"name":"(anonymous_1)","decl":{"start":{"line":56,"column":4},"end":{"line":56,"column":5}},"loc":{"start":{"line":57,"column":4},"end":{"line":60,"column":5}},"line":57},"2":{"name":"(anonymous_2)","decl":{"start":{"line":67,"column":4},"end":{"line":67,"column":5}},"loc":{"start":{"line":68,"column":4},"end":{"line":86,"column":5}},"line":68}},"branchMap":{"0":{"loc":{"start":{"line":71,"column":8},"end":{"line":85,"column":9}},"type":"if","locations":[{"start":{"line":71,"column":8},"end":{"line":85,"column":9}},{"start":{"line":71,"column":8},"end":{"line":85,"column":9}}],"line":71},"1":{"loc":{"start":{"line":76,"column":13},"end":{"line":85,"column":9}},"type":"if","locations":[{"start":{"line":76,"column":13},"end":{"line":85,"column":9}},{"start":{"line":76,"column":13},"end":{"line":85,"column":9}}],"line":76}},"s":{"0":8,"1":8,"2":4,"3":8,"4":8,"5":8,"6":8,"7":8,"8":8,"9":8,"10":0,"11":0,"12":0,"13":0,"14":0,"15":0,"16":0,"17":0,"18":0,"19":0,"20":4},"f":{"0":8,"1":0,"2":0},"b":{"0":[0,0],"1":[0,0]},"_coverageSchema":"1a1c01bbd47fc00a2c39e90264f33305004495a9","hash":"0e3ac5920a7256aa2a2e781581bf358535a1dd66"}
}
