{"C:\\Users\\tanya\\Documents\\repos\\WhiteHat\\bootcamp\\Airports\\Airport.js": {"path":"C:\\Users\\tanya\\Documents\\repos\\WhiteHat\\bootcamp\\Airports\\Airport.js","statementMap":{"0":{"start":{"line":1,"column":14},"end":{"line":1,"column":35}},"1":{"start":{"line":9,"column":21},"end":{"line":9,"column":22}},"2":{"start":{"line":10,"column":18},"end":{"line":10,"column":19}},"3":{"start":{"line":11,"column":19},"end":{"line":11,"column":21}},"4":{"start":{"line":12,"column":25},"end":{"line":12,"column":27}},"5":{"start":{"line":21,"column":8},"end":{"line":21,"column":25}},"6":{"start":{"line":22,"column":8},"end":{"line":22,"column":45}},"7":{"start":{"line":23,"column":8},"end":{"line":23,"column":39}},"8":{"start":{"line":28,"column":8},"end":{"line":28,"column":38}},"9":{"start":{"line":29,"column":8},"end":{"line":29,"column":29}},"10":{"start":{"line":30,"column":8},"end":{"line":30,"column":41}},"11":{"start":{"line":31,"column":8},"end":{"line":31,"column":41}},"12":{"start":{"line":36,"column":8},"end":{"line":36,"column":70}},"13":{"start":{"line":37,"column":8},"end":{"line":37,"column":29}},"14":{"start":{"line":38,"column":8},"end":{"line":44,"column":14}},"15":{"start":{"line":40,"column":16},"end":{"line":43,"column":17}},"16":{"start":{"line":42,"column":20},"end":{"line":42,"column":44}},"17":{"start":{"line":49,"column":0},"end":{"line":49,"column":25}}},"fnMap":{"0":{"name":"(anonymous_0)","decl":{"start":{"line":19,"column":4},"end":{"line":19,"column":5}},"loc":{"start":{"line":20,"column":4},"end":{"line":24,"column":5}},"line":20},"1":{"name":"(anonymous_1)","decl":{"start":{"line":26,"column":4},"end":{"line":26,"column":5}},"loc":{"start":{"line":27,"column":4},"end":{"line":32,"column":5}},"line":27},"2":{"name":"(anonymous_2)","decl":{"start":{"line":34,"column":4},"end":{"line":34,"column":5}},"loc":{"start":{"line":35,"column":4},"end":{"line":45,"column":5}},"line":35},"3":{"name":"(anonymous_3)","decl":{"start":{"line":38,"column":36},"end":{"line":38,"column":37}},"loc":{"start":{"line":39,"column":12},"end":{"line":44,"column":13}},"line":39}},"branchMap":{"0":{"loc":{"start":{"line":40,"column":16},"end":{"line":43,"column":17}},"type":"if","locations":[{"start":{"line":40,"column":16},"end":{"line":43,"column":17}},{"start":{"line":40,"column":16},"end":{"line":43,"column":17}}],"line":40}},"s":{"0":4,"1":5,"2":5,"3":5,"4":4,"5":5,"6":5,"7":5,"8":4,"9":4,"10":4,"11":4,"12":1,"13":1,"14":1,"15":4,"16":2,"17":4},"f":{"0":5,"1":4,"2":1,"3":4},"b":{"0":[2,2]},"_coverageSchema":"1a1c01bbd47fc00a2c39e90264f33305004495a9","hash":"89a9f0612d135a9591f58293b3a4f5433b60697c"}
,"C:\\Users\\tanya\\Documents\\repos\\WhiteHat\\bootcamp\\Airports\\Bag.js": {"path":"C:\\Users\\tanya\\Documents\\repos\\WhiteHat\\bootcamp\\Airports\\Bag.js","statementMap":{"0":{"start":{"line":15,"column":8},"end":{"line":18,"column":9}},"1":{"start":{"line":17,"column":12},"end":{"line":17,"column":55}},"2":{"start":{"line":19,"column":8},"end":{"line":19,"column":29}},"3":{"start":{"line":23,"column":0},"end":{"line":23,"column":21}}},"fnMap":{"0":{"name":"(anonymous_0)","decl":{"start":{"line":13,"column":4},"end":{"line":13,"column":5}},"loc":{"start":{"line":14,"column":4},"end":{"line":20,"column":5}},"line":14}},"branchMap":{"0":{"loc":{"start":{"line":15,"column":8},"end":{"line":18,"column":9}},"type":"if","locations":[{"start":{"line":15,"column":8},"end":{"line":18,"column":9}},{"start":{"line":15,"column":8},"end":{"line":18,"column":9}}],"line":15}},"s":{"0":5,"1":1,"2":4,"3":3},"f":{"0":5},"b":{"0":[1,4]},"_coverageSchema":"1a1c01bbd47fc00a2c39e90264f33305004495a9","hash":"b49705d94f9c8aad2ada41ed8297043ab9944d83"}
,"C:\\Users\\tanya\\Documents\\repos\\WhiteHat\\bootcamp\\Airports\\Crewmember.js": {"path":"C:\\Users\\tanya\\Documents\\repos\\WhiteHat\\bootcamp\\Airports\\Crewmember.js","statementMap":{"0":{"start":{"line":1,"column":15},"end":{"line":1,"column":37}},"1":{"start":{"line":2,"column":18},"end":{"line":2,"column":43}},"2":{"start":{"line":3,"column":14},"end":{"line":3,"column":35}},"3":{"start":{"line":12,"column":16},"end":{"line":12,"column":21}},"4":{"start":{"line":21,"column":8},"end":{"line":21,"column":39}},"5":{"start":{"line":22,"column":8},"end":{"line":22,"column":35}},"6":{"start":{"line":26,"column":0},"end":{"line":26,"column":28}}},"fnMap":{"0":{"name":"(anonymous_0)","decl":{"start":{"line":19,"column":4},"end":{"line":19,"column":5}},"loc":{"start":{"line":20,"column":4},"end":{"line":23,"column":5}},"line":20}},"branchMap":{"0":{"loc":{"start":{"line":19,"column":22},"end":{"line":19,"column":37}},"type":"default-arg","locations":[{"start":{"line":19,"column":32},"end":{"line":19,"column":37}}],"line":19}},"s":{"0":1,"1":1,"2":1,"3":1,"4":1,"5":1,"6":1},"f":{"0":1},"b":{"0":[1]},"_coverageSchema":"1a1c01bbd47fc00a2c39e90264f33305004495a9","hash":"7a6cfe396cbc351336a96782331cb318934f6571"}
,"C:\\Users\\tanya\\Documents\\repos\\WhiteHat\\bootcamp\\Airports\\Passenger.js": {"path":"C:\\Users\\tanya\\Documents\\repos\\WhiteHat\\bootcamp\\Airports\\Passenger.js","statementMap":{"0":{"start":{"line":1,"column":15},"end":{"line":1,"column":37}},"1":{"start":{"line":2,"column":14},"end":{"line":2,"column":35}},"2":{"start":{"line":18,"column":8},"end":{"line":21,"column":9}},"3":{"start":{"line":20,"column":12},"end":{"line":20,"column":75}},"4":{"start":{"line":22,"column":8},"end":{"line":22,"column":37}},"5":{"start":{"line":23,"column":8},"end":{"line":23,"column":41}},"6":{"start":{"line":27,"column":8},"end":{"line":27,"column":28}},"7":{"start":{"line":28,"column":8},"end":{"line":28,"column":28}},"8":{"start":{"line":33,"column":8},"end":{"line":33,"column":35}},"9":{"start":{"line":38,"column":0},"end":{"line":38,"column":27}}},"fnMap":{"0":{"name":"(anonymous_0)","decl":{"start":{"line":16,"column":4},"end":{"line":16,"column":5}},"loc":{"start":{"line":17,"column":4},"end":{"line":24,"column":5}},"line":17},"1":{"name":"(anonymous_1)","decl":{"start":{"line":26,"column":4},"end":{"line":26,"column":5}},"loc":{"start":{"line":26,"column":15},"end":{"line":29,"column":5}},"line":26},"2":{"name":"(anonymous_2)","decl":{"start":{"line":31,"column":4},"end":{"line":31,"column":5}},"loc":{"start":{"line":32,"column":4},"end":{"line":34,"column":5}},"line":32}},"branchMap":{"0":{"loc":{"start":{"line":18,"column":8},"end":{"line":21,"column":9}},"type":"if","locations":[{"start":{"line":18,"column":8},"end":{"line":21,"column":9}},{"start":{"line":18,"column":8},"end":{"line":21,"column":9}}],"line":18}},"s":{"0":4,"1":4,"2":5,"3":1,"4":4,"5":4,"6":1,"7":1,"8":1,"9":4},"f":{"0":5,"1":1,"2":1},"b":{"0":[1,4]},"_coverageSchema":"1a1c01bbd47fc00a2c39e90264f33305004495a9","hash":"b5437f8e86f11d947a5e52fa143a2c15f999047c"}
,"C:\\Users\\tanya\\Documents\\repos\\WhiteHat\\bootcamp\\Airports\\Person.js": {"path":"C:\\Users\\tanya\\Documents\\repos\\WhiteHat\\bootcamp\\Airports\\Person.js","statementMap":{"0":{"start":{"line":8,"column":9},"end":{"line":8,"column":11}},"1":{"start":{"line":9,"column":14},"end":{"line":9,"column":15}},"2":{"start":{"line":20,"column":8},"end":{"line":23,"column":9}},"3":{"start":{"line":22,"column":12},"end":{"line":22,"column":56}},"4":{"start":{"line":24,"column":8},"end":{"line":24,"column":25}},"5":{"start":{"line":25,"column":8},"end":{"line":25,"column":25}},"6":{"start":{"line":26,"column":8},"end":{"line":26,"column":35}},"7":{"start":{"line":30,"column":0},"end":{"line":30,"column":24}}},"fnMap":{"0":{"name":"(anonymous_0)","decl":{"start":{"line":18,"column":4},"end":{"line":18,"column":5}},"loc":{"start":{"line":19,"column":4},"end":{"line":27,"column":5}},"line":19}},"branchMap":{"0":{"loc":{"start":{"line":18,"column":22},"end":{"line":18,"column":33}},"type":"default-arg","locations":[{"start":{"line":18,"column":32},"end":{"line":18,"column":33}}],"line":18},"1":{"loc":{"start":{"line":18,"column":35},"end":{"line":18,"column":42}},"type":"default-arg","locations":[{"start":{"line":18,"column":40},"end":{"line":18,"column":42}}],"line":18},"2":{"loc":{"start":{"line":20,"column":8},"end":{"line":23,"column":9}},"type":"if","locations":[{"start":{"line":20,"column":8},"end":{"line":23,"column":9}},{"start":{"line":20,"column":8},"end":{"line":23,"column":9}}],"line":20}},"s":{"0":7,"1":7,"2":7,"3":1,"4":6,"5":6,"6":6,"7":5},"f":{"0":7},"b":{"0":[2],"1":[2],"2":[1,6]},"_coverageSchema":"1a1c01bbd47fc00a2c39e90264f33305004495a9","hash":"0ace646c44261c170f1086ece240b762a52c3314"}
,"C:\\Users\\tanya\\Documents\\repos\\WhiteHat\\bootcamp\\Airports\\Plane.js": {"path":"C:\\Users\\tanya\\Documents\\repos\\WhiteHat\\bootcamp\\Airports\\Plane.js","statementMap":{"0":{"start":{"line":1,"column":21},"end":{"line":1,"column":44}},"1":{"start":{"line":2,"column":16},"end":{"line":2,"column":39}},"2":{"start":{"line":3,"column":18},"end":{"line":3,"column":43}},"3":{"start":{"line":13,"column":24},"end":{"line":13,"column":26}},"4":{"start":{"line":14,"column":29},"end":{"line":14,"column":30}},"5":{"start":{"line":22,"column":8},"end":{"line":22,"column":29}},"6":{"start":{"line":23,"column":8},"end":{"line":23,"column":39}},"7":{"start":{"line":28,"column":8},"end":{"line":28,"column":47}},"8":{"start":{"line":29,"column":8},"end":{"line":29,"column":41}},"9":{"start":{"line":34,"column":8},"end":{"line":40,"column":14}},"10":{"start":{"line":36,"column":16},"end":{"line":39,"column":17}},"11":{"start":{"line":38,"column":20},"end":{"line":38,"column":44}},"12":{"start":{"line":44,"column":0},"end":{"line":44,"column":23}}},"fnMap":{"0":{"name":"(anonymous_0)","decl":{"start":{"line":20,"column":4},"end":{"line":20,"column":5}},"loc":{"start":{"line":21,"column":4},"end":{"line":24,"column":5}},"line":21},"1":{"name":"(anonymous_1)","decl":{"start":{"line":26,"column":4},"end":{"line":26,"column":5}},"loc":{"start":{"line":27,"column":4},"end":{"line":30,"column":5}},"line":27},"2":{"name":"(anonymous_2)","decl":{"start":{"line":32,"column":4},"end":{"line":32,"column":5}},"loc":{"start":{"line":33,"column":4},"end":{"line":41,"column":5}},"line":33},"3":{"name":"(anonymous_3)","decl":{"start":{"line":34,"column":36},"end":{"line":34,"column":37}},"loc":{"start":{"line":35,"column":12},"end":{"line":40,"column":13}},"line":35}},"branchMap":{"0":{"loc":{"start":{"line":36,"column":16},"end":{"line":39,"column":17}},"type":"if","locations":[{"start":{"line":36,"column":16},"end":{"line":39,"column":17}},{"start":{"line":36,"column":16},"end":{"line":39,"column":17}}],"line":36}},"s":{"0":4,"1":4,"2":4,"3":5,"4":5,"5":5,"6":5,"7":1,"8":1,"9":1,"10":1,"11":1,"12":4},"f":{"0":5,"1":1,"2":1,"3":1},"b":{"0":[1,0]},"_coverageSchema":"1a1c01bbd47fc00a2c39e90264f33305004495a9","hash":"401a8f7c3bfdd34e390c8eb4798c7a43f61100c0"}
}
