TN:
SF:Airport.js
FN:19,(anonymous_0)
FN:26,(anonymous_1)
FN:34,(anonymous_2)
FN:38,(anonymous_3)
FNF:4
FNH:4
FNDA:5,(anonymous_0)
FNDA:4,(anonymous_1)
FNDA:1,(anonymous_2)
FNDA:4,(anonymous_3)
DA:1,4
DA:9,5
DA:10,5
DA:11,5
DA:12,4
DA:21,5
DA:22,5
DA:23,5
DA:28,4
DA:29,4
DA:30,4
DA:31,4
DA:36,1
DA:37,1
DA:38,1
DA:40,4
DA:42,2
DA:49,4
LF:18
LH:18
BRDA:40,0,0,2
BRDA:40,0,1,2
BRF:2
BRH:2
end_of_record
TN:
SF:Bag.js
FN:13,(anonymous_0)
FNF:1
FNH:1
FNDA:5,(anonymous_0)
DA:15,5
DA:17,1
DA:19,4
DA:23,3
LF:4
LH:4
BRDA:15,0,0,1
BRDA:15,0,1,4
BRF:2
BRH:2
end_of_record
TN:
SF:Crewmember.js
FN:19,(anonymous_0)
FNF:1
FNH:1
FNDA:1,(anonymous_0)
DA:1,1
DA:2,1
DA:3,1
DA:12,1
DA:21,1
DA:22,1
DA:26,1
LF:7
LH:7
BRDA:19,0,0,1
BRF:1
BRH:1
end_of_record
TN:
SF:Passenger.js
FN:16,(anonymous_0)
FN:26,(anonymous_1)
FN:31,(anonymous_2)
FNF:3
FNH:3
FNDA:5,(anonymous_0)
FNDA:1,(anonymous_1)
FNDA:1,(anonymous_2)
DA:1,4
DA:2,4
DA:18,5
DA:20,1
DA:22,4
DA:23,4
DA:27,1
DA:28,1
DA:33,1
DA:38,4
LF:10
LH:10
BRDA:18,0,0,1
BRDA:18,0,1,4
BRF:2
BRH:2
end_of_record
TN:
SF:Person.js
FN:18,(anonymous_0)
FNF:1
FNH:1
FNDA:7,(anonymous_0)
DA:8,7
DA:9,7
DA:20,7
DA:22,1
DA:24,6
DA:25,6
DA:26,6
DA:30,5
LF:8
LH:8
BRDA:18,0,0,2
BRDA:18,1,0,2
BRDA:20,2,0,1
BRDA:20,2,1,6
BRF:4
BRH:4
end_of_record
TN:
SF:Plane.js
FN:20,(anonymous_0)
FN:26,(anonymous_1)
FN:32,(anonymous_2)
FN:34,(anonymous_3)
FNF:4
FNH:4
FNDA:5,(anonymous_0)
FNDA:1,(anonymous_1)
FNDA:1,(anonymous_2)
FNDA:1,(anonymous_3)
DA:1,4
DA:2,4
DA:3,4
DA:13,5
DA:14,5
DA:22,5
DA:23,5
DA:28,1
DA:29,1
DA:34,1
DA:36,1
DA:38,1
DA:44,4
LF:13
LH:13
BRDA:36,0,0,1
BRDA:36,0,1,0
BRF:2
BRH:1
end_of_record
